Using pre-set license
Built from '2021.1/staging' branch; Version is '2021.1.7f1 (d91830b65d9b) revision 14227504'; Using compiler version '192528614'; Build Type 'Release'
OS: 'Windows 10 Pro; OS build 19043.1237; Version 2009; 64bit' Language: 'ru' Physical Memory: 32710 MB
BatchMode: 1, IsHumanControllingUs: 0, StartBugReporterOnCrash: 0, Is64bit: 1, IsPro: 0

 COMMAND LINE ARGUMENTS:
C:\Program Files\Unity\Hub\Editor\2021.1.7f1\Editor\Unity.exe
-adb2
-batchMode
-noUpm
-name
AssetImportWorker0
-projectPath
C:/My Program/Vitaliy Babenko/StoneAgeGroup/StoneAgeGroup_Exam
-logFile
Logs/AssetImportWorker0.log
-srvPort
52233
Successfully changed project path to: C:/My Program/Vitaliy Babenko/StoneAgeGroup/StoneAgeGroup_Exam
C:/My Program/Vitaliy Babenko/StoneAgeGroup/StoneAgeGroup_Exam
Using Asset Import Pipeline V2.
Refreshing native plugins compatible for Editor in 39.93 ms, found 3 plugins.
Preloading 0 native plugins for Editor in 0.00 ms.
Initialize engine version: 2021.1.7f1 (d91830b65d9b)
[Subsystems] Discovering subsystems at path C:/Program Files/Unity/Hub/Editor/2021.1.7f1/Editor/Data/Resources/UnitySubsystems
[Subsystems] Discovering subsystems at path C:/My Program/Vitaliy Babenko/StoneAgeGroup/StoneAgeGroup_Exam/Assets
GfxDevice: creating device client; threaded=0; jobified=0
Direct3D:
    Version:  Direct3D 11.0 [level 11.1]
    Renderer: NVIDIA GeForce GTX 1650 SUPER (ID=0x2187)
    Vendor:   NVIDIA
    VRAM:     3955 MB
    Driver:   30.0.14.7196
Initialize mono
Mono path[0] = 'C:/Program Files/Unity/Hub/Editor/2021.1.7f1/Editor/Data/Managed'
Mono path[1] = 'C:/Program Files/Unity/Hub/Editor/2021.1.7f1/Editor/Data/MonoBleedingEdge/lib/mono/unityjit'
Mono config path = 'C:/Program Files/Unity/Hub/Editor/2021.1.7f1/Editor/Data/MonoBleedingEdge/etc'
Using monoOptions --debugger-agent=transport=dt_socket,embedding=1,server=y,suspend=n,address=127.0.0.1:56732
Begin MonoManager ReloadAssembly
Registering precompiled unity dll's ...
Register platform support module: C:/Program Files/Unity/Hub/Editor/2021.1.7f1/Editor/Data/PlaybackEngines/WindowsStandaloneSupport/UnityEditor.WindowsStandalone.Extensions.dll
Registered in 0.001201 seconds.
Native extension for WindowsStandalone target not found
Refreshing native plugins compatible for Editor in 40.54 ms, found 3 plugins.
Preloading 0 native plugins for Editor in 0.00 ms.
Mono: successfully reloaded assembly
- Completed reload, in  1.195 seconds
Platform modules already initialized, skipping
Registering precompiled user dll's ...
Registered in 0.003555 seconds.
Begin MonoManager ReloadAssembly
Native extension for WindowsStandalone target not found
Refreshing native plugins compatible for Editor in 40.42 ms, found 3 plugins.
Preloading 0 native plugins for Editor in 0.00 ms.
Mono: successfully reloaded assembly
- Completed reload, in  0.904 seconds
Platform modules already initialized, skipping
========================================================================
Worker process is ready to serve import requests
Launched and connected shader compiler UnityShaderCompiler.exe after 0.03 seconds
Refreshing native plugins compatible for Editor in 0.46 ms, found 3 plugins.
Preloading 0 native plugins for Editor in 0.00 ms.
Unloading 2321 Unused Serialized files (Serialized files now loaded: 0)
System memory in use before: 104.7 MB.
System memory in use after: 104.9 MB.

Unloading 27 unused Assets to reduce memory usage. Loaded Objects now: 2776.
Total: 2.139700 ms (FindLiveObjects: 0.170200 ms CreateObjectMapping: 0.055400 ms MarkObjects: 1.866800 ms  DeleteObjects: 0.046500 ms)

========================================================================
Received Import Request.
  path: Assets/Animation/Text (TMP).controller
  artifactKey: Guid(45fc0b7b86c410c4886c588b80c31bd9) Importer(815301076,1909f56bfc062723c751e8b465ee728b)
Start importing Assets/Animation/Text (TMP).controller using Guid(45fc0b7b86c410c4886c588b80c31bd9) Importer(815301076,1909f56bfc062723c751e8b465ee728b)  -> (artifact id: 'f04d3540bb600ade342a956b5f46765e') in 0.029250 seconds 
========================================================================
Received Import Request.
  Time since last request: 89.159764 seconds.
  path: Assets/Animation/PalmAnimation.anim
  artifactKey: Guid(7a1809bbeb04c3946be1f39d7bafc682) Importer(815301076,1909f56bfc062723c751e8b465ee728b)
Start importing Assets/Animation/PalmAnimation.anim using Guid(7a1809bbeb04c3946be1f39d7bafc682) Importer(815301076,1909f56bfc062723c751e8b465ee728b)  -> (artifact id: 'fb002361026e21a354ef625e76a846ce') in 0.009094 seconds 
========================================================================
Received Import Request.
  Time since last request: 3.603541 seconds.
  path: Assets/Animation/Palm3Animation.anim
  artifactKey: Guid(a592c2ad9ef0c784394eedb84afc2de2) Importer(815301076,1909f56bfc062723c751e8b465ee728b)
Start importing Assets/Animation/Palm3Animation.anim using Guid(a592c2ad9ef0c784394eedb84afc2de2) Importer(815301076,1909f56bfc062723c751e8b465ee728b)  -> (artifact id: '687d4ce84efea1976af21ddbbcbb7cca') in 0.006878 seconds 
========================================================================
Received Import Request.
  Time since last request: 17.668551 seconds.
  path: Assets/2D_STONE AGE WORLD/Assets/Player/Animations/H_M_HIT.anim
  artifactKey: Guid(283a66a14b787fd478c3a777e9f36cca) Importer(815301076,1909f56bfc062723c751e8b465ee728b)
Start importing Assets/2D_STONE AGE WORLD/Assets/Player/Animations/H_M_HIT.anim using Guid(283a66a14b787fd478c3a777e9f36cca) Importer(815301076,1909f56bfc062723c751e8b465ee728b)  -> (artifact id: 'ee21ec7975bef9fe020fec37fb36b245') in 0.007358 seconds 
========================================================================
Received Import Request.
  Time since last request: 6.540803 seconds.
  path: Assets/2D_STONE AGE WORLD/Assets/Player/Animations/H_M_ATTACK.anim
  artifactKey: Guid(2b66939c676eff349b16eae6a8bb0727) Importer(815301076,1909f56bfc062723c751e8b465ee728b)
Start importing Assets/2D_STONE AGE WORLD/Assets/Player/Animations/H_M_ATTACK.anim using Guid(2b66939c676eff349b16eae6a8bb0727) Importer(815301076,1909f56bfc062723c751e8b465ee728b)  -> (artifact id: '85d6db1f16c24b7efe877cc99f4b3a93') in 0.007271 seconds 
========================================================================
Received Import Request.
  Time since last request: 103.023941 seconds.
  path: Assets/2D_STONE AGE WORLD/Assets/Player/Animations/H_M_JUMP.anim
  artifactKey: Guid(05ca7cd0c684d3944861823ef94b2611) Importer(815301076,1909f56bfc062723c751e8b465ee728b)
Start importing Assets/2D_STONE AGE WORLD/Assets/Player/Animations/H_M_JUMP.anim using Guid(05ca7cd0c684d3944861823ef94b2611) Importer(815301076,1909f56bfc062723c751e8b465ee728b)  -> (artifact id: '34c9d0d3264e1961872abacd586de52b') in 0.008247 seconds 
========================================================================
Received Import Request.
  Time since last request: 4.883987 seconds.
  path: Assets/2D_STONE AGE WORLD/Assets/Player/Animations/H_M_WALK.anim
  artifactKey: Guid(a320436eb7efd7d449da255e6ac16f84) Importer(815301076,1909f56bfc062723c751e8b465ee728b)
Start importing Assets/2D_STONE AGE WORLD/Assets/Player/Animations/H_M_WALK.anim using Guid(a320436eb7efd7d449da255e6ac16f84) Importer(815301076,1909f56bfc062723c751e8b465ee728b)  -> (artifact id: 'b59aabc50c10e5802f7705107d0deb2a') in 0.007175 seconds 
========================================================================
Received Import Request.
  Time since last request: 384.100912 seconds.
  path: Assets/2D_STONE AGE WORLD/Assets/Player/Animations/H_M_DEATH.anim
  artifactKey: Guid(f7262495b19e7aa42bf4f57379e94b6c) Importer(815301076,1909f56bfc062723c751e8b465ee728b)
Start importing Assets/2D_STONE AGE WORLD/Assets/Player/Animations/H_M_DEATH.anim using Guid(f7262495b19e7aa42bf4f57379e94b6c) Importer(815301076,1909f56bfc062723c751e8b465ee728b)  -> (artifact id: 'dc8ed3603229645e931bd89a739bdeef') in 0.007298 seconds 
========================================================================
Received Import Request.
  Time since last request: 59.364216 seconds.
  path: Assets/2D_STONE AGE WORLD/Assets/Player/Animations/H_M_IDLE.anim
  artifactKey: Guid(57d097a131844e34f9dc8eb4b2798b28) Importer(815301076,1909f56bfc062723c751e8b465ee728b)
Start importing Assets/2D_STONE AGE WORLD/Assets/Player/Animations/H_M_IDLE.anim using Guid(57d097a131844e34f9dc8eb4b2798b28) Importer(815301076,1909f56bfc062723c751e8b465ee728b)  -> (artifact id: 'a028744e6857eb46e5817606ca856754') in 0.007412 seconds 
========================================================================
Received Import Request.
  Time since last request: 713.262276 seconds.
  path: Assets/Animation/Text (TMP).controller
  artifactKey: Guid(45fc0b7b86c410c4886c588b80c31bd9) Importer(815301076,1909f56bfc062723c751e8b465ee728b)
Start importing Assets/Animation/Text (TMP).controller using Guid(45fc0b7b86c410c4886c588b80c31bd9) Importer(815301076,1909f56bfc062723c751e8b465ee728b)  -> (artifact id: 'c23848d16cca0aaad07c4985d9a50f02') in 0.003823 seconds 
========================================================================
Received Import Request.
  Time since last request: 280.816538 seconds.
  path: Assets/Scripts/MyPlayerMovement.cs
  artifactKey: Guid(86375b11faeffae4b9dfe8f27b9b4b37) Importer(815301076,1909f56bfc062723c751e8b465ee728b)
Start importing Assets/Scripts/MyPlayerMovement.cs using Guid(86375b11faeffae4b9dfe8f27b9b4b37) Importer(815301076,1909f56bfc062723c751e8b465ee728b)  -> (artifact id: '0150e43b656289591f8f007dd6120a8c') in 0.008665 seconds 
========================================================================
Received Prepare
Registering precompiled user dll's ...
Registered in 0.002330 seconds.
Begin MonoManager ReloadAssembly
Native extension for WindowsStandalone target not found
Refreshing native plugins compatible for Editor in 0.47 ms, found 3 plugins.
Preloading 0 native plugins for Editor in 0.00 ms.
Mono: successfully reloaded assembly
- Completed reload, in  0.809 seconds
Platform modules already initialized, skipping
Refreshing native plugins compatible for Editor in 0.48 ms, found 3 plugins.
Preloading 0 native plugins for Editor in 0.00 ms.
Unloading 2294 Unused Serialized files (Serialized files now loaded: 0)
System memory in use before: 102.7 MB.
System memory in use after: 102.9 MB.

Unloading 15 unused Assets to reduce memory usage. Loaded Objects now: 2779.
Total: 2.055300 ms (FindLiveObjects: 0.160600 ms CreateObjectMapping: 0.054500 ms MarkObjects: 1.828300 ms  DeleteObjects: 0.011300 ms)

========================================================================
Received Import Request.
  Time since last request: 82.358056 seconds.
  path: Assets/Scripts/MyPlayerMovement.cs
  artifactKey: Guid(86375b11faeffae4b9dfe8f27b9b4b37) Importer(815301076,1909f56bfc062723c751e8b465ee728b)
Start importing Assets/Scripts/MyPlayerMovement.cs using Guid(86375b11faeffae4b9dfe8f27b9b4b37) Importer(815301076,1909f56bfc062723c751e8b465ee728b)  -> (artifact id: '29c2dbe63b8bb973ae4663231472d94c') in 0.003970 seconds 
========================================================================
Received Prepare
Registering precompiled user dll's ...
Registered in 0.002543 seconds.
Begin MonoManager ReloadAssembly
Native extension for WindowsStandalone target not found
Refreshing native plugins compatible for Editor in 0.49 ms, found 3 plugins.
Preloading 0 native plugins for Editor in 0.00 ms.
Mono: successfully reloaded assembly
- Completed reload, in  0.838 seconds
Platform modules already initialized, skipping
Refreshing native plugins compatible for Editor in 0.49 ms, found 3 plugins.
Preloading 0 native plugins for Editor in 0.00 ms.
Unloading 2294 Unused Serialized files (Serialized files now loaded: 0)
System memory in use before: 102.7 MB.
System memory in use after: 102.9 MB.

Unloading 15 unused Assets to reduce memory usage. Loaded Objects now: 2782.
Total: 2.023900 ms (FindLiveObjects: 0.167500 ms CreateObjectMapping: 0.055800 ms MarkObjects: 1.788700 ms  DeleteObjects: 0.011200 ms)

========================================================================
Received Import Request.
  Time since last request: 10.300588 seconds.
  path: Assets/Scripts/MyPlayerMovement.cs
  artifactKey: Guid(86375b11faeffae4b9dfe8f27b9b4b37) Importer(815301076,1909f56bfc062723c751e8b465ee728b)
Start importing Assets/Scripts/MyPlayerMovement.cs using Guid(86375b11faeffae4b9dfe8f27b9b4b37) Importer(815301076,1909f56bfc062723c751e8b465ee728b)  -> (artifact id: 'dc7e298384dffa798488e96682c3a30f') in 0.004058 seconds 
========================================================================
Received Prepare
Registering precompiled user dll's ...
Registered in 0.002272 seconds.
Begin MonoManager ReloadAssembly
Native extension for WindowsStandalone target not found
Refreshing native plugins compatible for Editor in 0.69 ms, found 3 plugins.
Preloading 0 native plugins for Editor in 0.00 ms.
Mono: successfully reloaded assembly
- Completed reload, in  0.824 seconds
Platform modules already initialized, skipping
Refreshing native plugins compatible for Editor in 0.48 ms, found 3 plugins.
Preloading 0 native plugins for Editor in 0.00 ms.
Unloading 2294 Unused Serialized files (Serialized files now loaded: 0)
System memory in use before: 102.7 MB.
System memory in use after: 103.0 MB.

Unloading 15 unused Assets to reduce memory usage. Loaded Objects now: 2785.
Total: 2.033100 ms (FindLiveObjects: 0.163900 ms CreateObjectMapping: 0.054500 ms MarkObjects: 1.802700 ms  DeleteObjects: 0.011400 ms)

========================================================================
Received Prepare
Registering precompiled user dll's ...
Registered in 0.002379 seconds.
Begin MonoManager ReloadAssembly
Native extension for WindowsStandalone target not found
Refreshing native plugins compatible for Editor in 0.50 ms, found 3 plugins.
Preloading 0 native plugins for Editor in 0.00 ms.
Mono: successfully reloaded assembly
- Completed reload, in  0.828 seconds
Platform modules already initialized, skipping
Refreshing native plugins compatible for Editor in 0.48 ms, found 3 plugins.
Preloading 0 native plugins for Editor in 0.00 ms.
Unloading 2294 Unused Serialized files (Serialized files now loaded: 0)
System memory in use before: 102.8 MB.
System memory in use after: 103.0 MB.

Unloading 15 unused Assets to reduce memory usage. Loaded Objects now: 2788.
Total: 2.087200 ms (FindLiveObjects: 0.166700 ms CreateObjectMapping: 0.055300 ms MarkObjects: 1.852300 ms  DeleteObjects: 0.012100 ms)

========================================================================
Received Prepare
Registering precompiled user dll's ...
Registered in 0.002422 seconds.
Begin MonoManager ReloadAssembly
Native extension for WindowsStandalone target not found
Refreshing native plugins compatible for Editor in 0.47 ms, found 3 plugins.
Preloading 0 native plugins for Editor in 0.00 ms.
Mono: successfully reloaded assembly
- Completed reload, in  0.803 seconds
Platform modules already initialized, skipping
Refreshing native plugins compatible for Editor in 0.48 ms, found 3 plugins.
Preloading 0 native plugins for Editor in 0.00 ms.
Unloading 2294 Unused Serialized files (Serialized files now loaded: 0)
System memory in use before: 102.7 MB.
System memory in use after: 102.9 MB.

Unloading 15 unused Assets to reduce memory usage. Loaded Objects now: 2791.
Total: 2.102500 ms (FindLiveObjects: 0.165300 ms CreateObjectMapping: 0.054800 ms MarkObjects: 1.870000 ms  DeleteObjects: 0.011700 ms)

========================================================================
Received Import Request.
  Time since last request: 451.852912 seconds.
  path: Assets/Animation/Text (TMP).controller
  artifactKey: Guid(45fc0b7b86c410c4886c588b80c31bd9) Importer(815301076,1909f56bfc062723c751e8b465ee728b)
Start importing Assets/Animation/Text (TMP).controller using Guid(45fc0b7b86c410c4886c588b80c31bd9) Importer(815301076,1909f56bfc062723c751e8b465ee728b)  -> (artifact id: 'a58ef62d90089517da6989591f1fa12e') in 0.015623 seconds 
========================================================================
Received Import Request.
  Time since last request: 31.238999 seconds.
  path: Assets/Animation/Text (TMP).controller
  artifactKey: Guid(45fc0b7b86c410c4886c588b80c31bd9) Importer(815301076,1909f56bfc062723c751e8b465ee728b)
Start importing Assets/Animation/Text (TMP).controller using Guid(45fc0b7b86c410c4886c588b80c31bd9) Importer(815301076,1909f56bfc062723c751e8b465ee728b)  -> (artifact id: 'b3576a49fd7631bb1841f0fa9952d6f6') in 0.005012 seconds 
========================================================================
Received Prepare
Registering precompiled user dll's ...
Registered in 0.002250 seconds.
Begin MonoManager ReloadAssembly
Native extension for WindowsStandalone target not found
Refreshing native plugins compatible for Editor in 0.46 ms, found 3 plugins.
Preloading 0 native plugins for Editor in 0.00 ms.
Mono: successfully reloaded assembly
- Completed reload, in  0.791 seconds
Platform modules already initialized, skipping
Refreshing native plugins compatible for Editor in 0.49 ms, found 3 plugins.
Preloading 0 native plugins for Editor in 0.00 ms.
Unloading 2294 Unused Serialized files (Serialized files now loaded: 0)
System memory in use before: 102.8 MB.
System memory in use after: 103.0 MB.

Unloading 15 unused Assets to reduce memory usage. Loaded Objects now: 2794.
Total: 2.089700 ms (FindLiveObjects: 0.178200 ms CreateObjectMapping: 0.055300 ms MarkObjects: 1.843500 ms  DeleteObjects: 0.011900 ms)

========================================================================
Received Import Request.
  Time since last request: 68.855255 seconds.
  path: Assets/Scripts/ScriptableObject/GameData.asset
  artifactKey: Guid(332dd945013920c4ca01959eaf36be4c) Importer(815301076,1909f56bfc062723c751e8b465ee728b)
Start importing Assets/Scripts/ScriptableObject/GameData.asset using Guid(332dd945013920c4ca01959eaf36be4c) Importer(815301076,1909f56bfc062723c751e8b465ee728b)  -> (artifact id: 'c83735fe3fcc804cc7a55257bfbcea38') in 0.015245 seconds 
========================================================================
Received Import Request.
  Time since last request: 457.840739 seconds.
  path: Assets/2D_STONE AGE WORLD/Assets/Player/Animations/H_M_Anim.controller
  artifactKey: Guid(d58ab665b2a680a4daaa6eb2df767f49) Importer(815301076,1909f56bfc062723c751e8b465ee728b)
Start importing Assets/2D_STONE AGE WORLD/Assets/Player/Animations/H_M_Anim.controller using Guid(d58ab665b2a680a4daaa6eb2df767f49) Importer(815301076,1909f56bfc062723c751e8b465ee728b)  -> (artifact id: 'e802c9b8db5f9d3d55d2b0e980639699') in 0.012126 seconds 
========================================================================
Received Import Request.
  Time since last request: 157.293378 seconds.
  path: Assets/2D_STONE AGE WORLD/Assets/Player/Animations/PlayerAnimator.controller
  artifactKey: Guid(d927661667adf2141b114210a2db2782) Importer(815301076,1909f56bfc062723c751e8b465ee728b)
Start importing Assets/2D_STONE AGE WORLD/Assets/Player/Animations/PlayerAnimator.controller using Guid(d927661667adf2141b114210a2db2782) Importer(815301076,1909f56bfc062723c751e8b465ee728b)  -> (artifact id: 'c874bfee7b0ce1c322add05a9ed699ff') in 0.008212 seconds 
========================================================================
Received Import Request.
  Time since last request: 45.697011 seconds.
  path: Assets/2D_STONE AGE WORLD/Assets/Player/Animations/PlayerAnimator.controller
  artifactKey: Guid(d927661667adf2141b114210a2db2782) Importer(815301076,1909f56bfc062723c751e8b465ee728b)
Start importing Assets/2D_STONE AGE WORLD/Assets/Player/Animations/PlayerAnimator.controller using Guid(d927661667adf2141b114210a2db2782) Importer(815301076,1909f56bfc062723c751e8b465ee728b)  -> (artifact id: 'ad4205a94aa5da8a8608020013a8d63c') in 0.004658 seconds 
========================================================================
Received Import Request.
  Time since last request: 9.510822 seconds.
  path: Assets/2D_STONE AGE WORLD/Assets/Player/Animations/H_M_Anim.controller
  artifactKey: Guid(d58ab665b2a680a4daaa6eb2df767f49) Importer(815301076,1909f56bfc062723c751e8b465ee728b)
Start importing Assets/2D_STONE AGE WORLD/Assets/Player/Animations/H_M_Anim.controller using Guid(d58ab665b2a680a4daaa6eb2df767f49) Importer(815301076,1909f56bfc062723c751e8b465ee728b)  -> (artifact id: 'dd37254805dff8d2403e2b34444e72cd') in 0.013755 seconds 
========================================================================
Received Import Request.
  Time since last request: 27.284086 seconds.
  path: Assets/2D_STONE AGE WORLD/Assets/Player/Animations/H_M_THROW.anim
  artifactKey: Guid(1bbf8f1520906a0408b4448bdc45914a) Importer(815301076,1909f56bfc062723c751e8b465ee728b)
Start importing Assets/2D_STONE AGE WORLD/Assets/Player/Animations/H_M_THROW.anim using Guid(1bbf8f1520906a0408b4448bdc45914a) Importer(815301076,1909f56bfc062723c751e8b465ee728b)  -> (artifact id: 'e17e472c35afa6ccd8a24b1fd57f5c52') in 0.008352 seconds 
========================================================================
Received Import Request.
  Time since last request: 1.456554 seconds.
  path: Assets/2D_STONE AGE WORLD/Assets/Player/Animations/H_M_STUN.anim
  artifactKey: Guid(0fdf4a320dda6424e8d6288721fb8542) Importer(815301076,1909f56bfc062723c751e8b465ee728b)
Start importing Assets/2D_STONE AGE WORLD/Assets/Player/Animations/H_M_STUN.anim using Guid(0fdf4a320dda6424e8d6288721fb8542) Importer(815301076,1909f56bfc062723c751e8b465ee728b)  -> (artifact id: '9b3e6f54fb7a0caf07121f4ca3d7efdc') in 0.007477 seconds 
========================================================================
Received Import Request.
  Time since last request: 237.002016 seconds.
  path: Assets/2D_STONE AGE WORLD/Assets/Player/Animations/PlayerAnimator.controller
  artifactKey: Guid(d927661667adf2141b114210a2db2782) Importer(815301076,1909f56bfc062723c751e8b465ee728b)
Start importing Assets/2D_STONE AGE WORLD/Assets/Player/Animations/PlayerAnimator.controller using Guid(d927661667adf2141b114210a2db2782) Importer(815301076,1909f56bfc062723c751e8b465ee728b)  -> (artifact id: 'babf172429f4e0296b6333cb071ac0b3') in 0.004012 seconds 
========================================================================
Received Import Request.
  Time since last request: 188.587216 seconds.
  path: Assets/2D_STONE AGE WORLD/Assets/Player/Animations/PlayerAnimator.controller
  artifactKey: Guid(d927661667adf2141b114210a2db2782) Importer(815301076,1909f56bfc062723c751e8b465ee728b)
Start importing Assets/2D_STONE AGE WORLD/Assets/Player/Animations/PlayerAnimator.controller using Guid(d927661667adf2141b114210a2db2782) Importer(815301076,1909f56bfc062723c751e8b465ee728b)  -> (artifact id: '7a781712c2954e7f1b8c0df8224bdd4d') in 0.005562 seconds 
========================================================================
Received Prepare
Registering precompiled user dll's ...
Registered in 0.002411 seconds.
Begin MonoManager ReloadAssembly
Native extension for WindowsStandalone target not found
Refreshing native plugins compatible for Editor in 0.46 ms, found 3 plugins.
Preloading 0 native plugins for Editor in 0.00 ms.
Mono: successfully reloaded assembly
- Completed reload, in  0.792 seconds
Platform modules already initialized, skipping
Refreshing native plugins compatible for Editor in 0.47 ms, found 3 plugins.
Preloading 0 native plugins for Editor in 0.00 ms.
Unloading 2294 Unused Serialized files (Serialized files now loaded: 0)
System memory in use before: 102.8 MB.
System memory in use after: 103.0 MB.

Unloading 15 unused Assets to reduce memory usage. Loaded Objects now: 2797.
Total: 2.083800 ms (FindLiveObjects: 0.178900 ms CreateObjectMapping: 0.055000 ms MarkObjects: 1.837900 ms  DeleteObjects: 0.011400 ms)

========================================================================
Received Import Request.
  Time since last request: 71.432805 seconds.
  path: Assets/2D_STONE AGE WORLD/Assets/Player/Animations/PlayerAnimator.controller
  artifactKey: Guid(d927661667adf2141b114210a2db2782) Importer(815301076,1909f56bfc062723c751e8b465ee728b)
Start importing Assets/2D_STONE AGE WORLD/Assets/Player/Animations/PlayerAnimator.controller using Guid(d927661667adf2141b114210a2db2782) Importer(815301076,1909f56bfc062723c751e8b465ee728b)  -> (artifact id: '8619d7a2d3ef3ab39e604ff8c670d851') in 0.014477 seconds 
========================================================================
Received Prepare
Registering precompiled user dll's ...
Registered in 0.002308 seconds.
Begin MonoManager ReloadAssembly
Native extension for WindowsStandalone target not found
Refreshing native plugins compatible for Editor in 0.48 ms, found 3 plugins.
Preloading 0 native plugins for Editor in 0.00 ms.
Mono: successfully reloaded assembly
- Completed reload, in  0.792 seconds
Platform modules already initialized, skipping
Refreshing native plugins compatible for Editor in 0.47 ms, found 3 plugins.
Preloading 0 native plugins for Editor in 0.00 ms.
Unloading 2294 Unused Serialized files (Serialized files now loaded: 0)
System memory in use before: 102.8 MB.
System memory in use after: 103.0 MB.

Unloading 15 unused Assets to reduce memory usage. Loaded Objects now: 2800.
Total: 2.080400 ms (FindLiveObjects: 0.168100 ms CreateObjectMapping: 0.054300 ms MarkObjects: 1.847200 ms  DeleteObjects: 0.010100 ms)

========================================================================
Received Prepare
Registering precompiled user dll's ...
Registered in 0.002377 seconds.
Begin MonoManager ReloadAssembly
Native extension for WindowsStandalone target not found
Refreshing native plugins compatible for Editor in 0.48 ms, found 3 plugins.
Preloading 0 native plugins for Editor in 0.00 ms.
Mono: successfully reloaded assembly
- Completed reload, in  0.795 seconds
Platform modules already initialized, skipping
Refreshing native plugins compatible for Editor in 0.47 ms, found 3 plugins.
Preloading 0 native plugins for Editor in 0.00 ms.
Unloading 2294 Unused Serialized files (Serialized files now loaded: 0)
System memory in use before: 102.8 MB.
System memory in use after: 103.1 MB.

Unloading 15 unused Assets to reduce memory usage. Loaded Objects now: 2803.
Total: 2.098300 ms (FindLiveObjects: 0.179400 ms CreateObjectMapping: 0.055300 ms MarkObjects: 1.851600 ms  DeleteObjects: 0.011500 ms)

========================================================================
Received Import Request.
  Time since last request: 203.790968 seconds.
  path: Assets/2D_STONE AGE WORLD/Assets/Player/Animations/PlayerAnimator.controller
  artifactKey: Guid(d927661667adf2141b114210a2db2782) Importer(815301076,1909f56bfc062723c751e8b465ee728b)
Start importing Assets/2D_STONE AGE WORLD/Assets/Player/Animations/PlayerAnimator.controller using Guid(d927661667adf2141b114210a2db2782) Importer(815301076,1909f56bfc062723c751e8b465ee728b)  -> (artifact id: 'c62238f7359a1d50b7906630adffd589') in 0.014011 seconds 
========================================================================
Received Prepare
Registering precompiled user dll's ...
Registered in 0.002405 seconds.
Begin MonoManager ReloadAssembly
Native extension for WindowsStandalone target not found
Refreshing native plugins compatible for Editor in 0.47 ms, found 3 plugins.
Preloading 0 native plugins for Editor in 0.00 ms.
Mono: successfully reloaded assembly
- Completed reload, in  0.791 seconds
Platform modules already initialized, skipping
Refreshing native plugins compatible for Editor in 0.48 ms, found 3 plugins.
Preloading 0 native plugins for Editor in 0.00 ms.
Unloading 2294 Unused Serialized files (Serialized files now loaded: 0)
System memory in use before: 102.8 MB.
System memory in use after: 103.0 MB.

Unloading 15 unused Assets to reduce memory usage. Loaded Objects now: 2806.
Total: 2.090300 ms (FindLiveObjects: 0.171000 ms CreateObjectMapping: 0.054600 ms MarkObjects: 1.852900 ms  DeleteObjects: 0.011200 ms)

========================================================================
Received Import Request.
  Time since last request: 53.730950 seconds.
  path: Assets/Scripts/ScriptableObject/GameData.asset
  artifactKey: Guid(332dd945013920c4ca01959eaf36be4c) Importer(815301076,1909f56bfc062723c751e8b465ee728b)
Start importing Assets/Scripts/ScriptableObject/GameData.asset using Guid(332dd945013920c4ca01959eaf36be4c) Importer(815301076,1909f56bfc062723c751e8b465ee728b)  -> (artifact id: '7b22ec7a18d092035c2ae5baf502d55d') in 0.011525 seconds 
========================================================================
Received Import Request.
  Time since last request: 10.514592 seconds.
  path: Assets/2D_STONE AGE WORLD/Assets/Player/Animations/PlayerAnimator.controller
  artifactKey: Guid(d927661667adf2141b114210a2db2782) Importer(815301076,1909f56bfc062723c751e8b465ee728b)
Start importing Assets/2D_STONE AGE WORLD/Assets/Player/Animations/PlayerAnimator.controller using Guid(d927661667adf2141b114210a2db2782) Importer(815301076,1909f56bfc062723c751e8b465ee728b)  -> (artifact id: '7206a57d407a6f65888b3d83913d610e') in 0.005739 seconds 
========================================================================
Received Import Request.
  Time since last request: 11.536452 seconds.
  path: Assets/2D_STONE AGE WORLD/Assets/Player/Animations/PlayerAnimator.controller
  artifactKey: Guid(d927661667adf2141b114210a2db2782) Importer(815301076,1909f56bfc062723c751e8b465ee728b)
Start importing Assets/2D_STONE AGE WORLD/Assets/Player/Animations/PlayerAnimator.controller using Guid(d927661667adf2141b114210a2db2782) Importer(815301076,1909f56bfc062723c751e8b465ee728b)  -> (artifact id: '2230e1e2e71f124bc6b0146f481642b1') in 0.003918 seconds 
========================================================================
Received Prepare
Registering precompiled user dll's ...
Registered in 0.002353 seconds.
Begin MonoManager ReloadAssembly
Native extension for WindowsStandalone target not found
Refreshing native plugins compatible for Editor in 0.47 ms, found 3 plugins.
Preloading 0 native plugins for Editor in 0.00 ms.
Mono: successfully reloaded assembly
- Completed reload, in  0.793 seconds
Platform modules already initialized, skipping
Refreshing native plugins compatible for Editor in 0.47 ms, found 3 plugins.
Preloading 0 native plugins for Editor in 0.00 ms.
Unloading 2294 Unused Serialized files (Serialized files now loaded: 0)
System memory in use before: 102.9 MB.
System memory in use after: 103.1 MB.

Unloading 15 unused Assets to reduce memory usage. Loaded Objects now: 2809.
Total: 2.079800 ms (FindLiveObjects: 0.167700 ms CreateObjectMapping: 0.055100 ms MarkObjects: 1.843900 ms  DeleteObjects: 0.012500 ms)

========================================================================
Received Import Request.
  Time since last request: 114.062489 seconds.
  path: Assets/Scripts/ScriptableObject/GameData.asset
  artifactKey: Guid(332dd945013920c4ca01959eaf36be4c) Importer(815301076,1909f56bfc062723c751e8b465ee728b)
Start importing Assets/Scripts/ScriptableObject/GameData.asset using Guid(332dd945013920c4ca01959eaf36be4c) Importer(815301076,1909f56bfc062723c751e8b465ee728b)  -> (artifact id: '788e3e3dabe55ca31ba71303207843d6') in 0.010959 seconds 
========================================================================
Received Import Request.
  Time since last request: 74.087963 seconds.
  path: Assets/2D_STONE AGE WORLD/Assets/Sprites/Single_Sprites
  artifactKey: Guid(c15d791fb4f6db648bfb156fa19f10d6) Importer(815301076,1909f56bfc062723c751e8b465ee728b)
Start importing Assets/2D_STONE AGE WORLD/Assets/Sprites/Single_Sprites using Guid(c15d791fb4f6db648bfb156fa19f10d6) Importer(815301076,1909f56bfc062723c751e8b465ee728b)  -> (artifact id: '4ea7b81e7dee4fff8f33eb45b925052d') in 0.007366 seconds 
========================================================================
Received Prepare
Registering precompiled user dll's ...
Registered in 0.002294 seconds.
Begin MonoManager ReloadAssembly
Native extension for WindowsStandalone target not found
Refreshing native plugins compatible for Editor in 0.47 ms, found 3 plugins.
Preloading 0 native plugins for Editor in 0.00 ms.
Mono: successfully reloaded assembly
- Completed reload, in  0.788 seconds
Platform modules already initialized, skipping
Refreshing native plugins compatible for Editor in 0.48 ms, found 3 plugins.
Preloading 0 native plugins for Editor in 0.00 ms.
Unloading 2294 Unused Serialized files (Serialized files now loaded: 0)
System memory in use before: 102.9 MB.
System memory in use after: 103.1 MB.

Unloading 15 unused Assets to reduce memory usage. Loaded Objects now: 2812.
Total: 2.069200 ms (FindLiveObjects: 0.168300 ms CreateObjectMapping: 0.055400 ms MarkObjects: 1.833700 ms  DeleteObjects: 0.011200 ms)

========================================================================
Received Import Request.
  Time since last request: 159.733478 seconds.
  path: Assets/2D_STONE AGE WORLD/Assets/Player/Animations/PlayerAnimator.controller
  artifactKey: Guid(d927661667adf2141b114210a2db2782) Importer(815301076,1909f56bfc062723c751e8b465ee728b)
Start importing Assets/2D_STONE AGE WORLD/Assets/Player/Animations/PlayerAnimator.controller using Guid(d927661667adf2141b114210a2db2782) Importer(815301076,1909f56bfc062723c751e8b465ee728b)  -> (artifact id: '83a2929826fc073f1f58d4a3f9fbb849') in 0.012890 seconds 
========================================================================
Received Prepare
Registering precompiled user dll's ...
Registered in 0.002342 seconds.
Begin MonoManager ReloadAssembly
Native extension for WindowsStandalone target not found
Refreshing native plugins compatible for Editor in 0.47 ms, found 3 plugins.
Preloading 0 native plugins for Editor in 0.00 ms.
Mono: successfully reloaded assembly
- Completed reload, in  0.805 seconds
Platform modules already initialized, skipping
Refreshing native plugins compatible for Editor in 0.47 ms, found 3 plugins.
Preloading 0 native plugins for Editor in 0.00 ms.
Unloading 2294 Unused Serialized files (Serialized files now loaded: 0)
System memory in use before: 102.9 MB.
System memory in use after: 103.1 MB.

Unloading 15 unused Assets to reduce memory usage. Loaded Objects now: 2815.
Total: 2.102000 ms (FindLiveObjects: 0.186500 ms CreateObjectMapping: 0.055400 ms MarkObjects: 1.847700 ms  DeleteObjects: 0.011600 ms)

========================================================================
Received Prepare
Registering precompiled user dll's ...
Registered in 0.002659 seconds.
Begin MonoManager ReloadAssembly
Native extension for WindowsStandalone target not found
Refreshing native plugins compatible for Editor in 0.47 ms, found 3 plugins.
Preloading 0 native plugins for Editor in 0.00 ms.
Mono: successfully reloaded assembly
- Completed reload, in  0.807 seconds
Platform modules already initialized, skipping
Refreshing native plugins compatible for Editor in 0.48 ms, found 3 plugins.
Preloading 0 native plugins for Editor in 0.00 ms.
Unloading 2294 Unused Serialized files (Serialized files now loaded: 0)
System memory in use before: 102.9 MB.
System memory in use after: 103.1 MB.

Unloading 15 unused Assets to reduce memory usage. Loaded Objects now: 2818.
Total: 2.088500 ms (FindLiveObjects: 0.168700 ms CreateObjectMapping: 0.055100 ms MarkObjects: 1.853100 ms  DeleteObjects: 0.011100 ms)

========================================================================
Received Prepare
Registering precompiled user dll's ...
Registered in 0.002329 seconds.
Begin MonoManager ReloadAssembly
Native extension for WindowsStandalone target not found
Refreshing native plugins compatible for Editor in 0.48 ms, found 3 plugins.
Preloading 0 native plugins for Editor in 0.00 ms.
Mono: successfully reloaded assembly
- Completed reload, in  0.793 seconds
Platform modules already initialized, skipping
Refreshing native plugins compatible for Editor in 0.47 ms, found 3 plugins.
Preloading 0 native plugins for Editor in 0.00 ms.
Unloading 2294 Unused Serialized files (Serialized files now loaded: 0)
System memory in use before: 102.8 MB.
System memory in use after: 103.0 MB.

Unloading 15 unused Assets to reduce memory usage. Loaded Objects now: 2821.
Total: 2.071000 ms (FindLiveObjects: 0.167300 ms CreateObjectMapping: 0.054900 ms MarkObjects: 1.837300 ms  DeleteObjects: 0.010700 ms)

========================================================================
Received Prepare
Registering precompiled user dll's ...
Registered in 0.003559 seconds.
Begin MonoManager ReloadAssembly
Native extension for WindowsStandalone target not found
Refreshing native plugins compatible for Editor in 0.47 ms, found 3 plugins.
Preloading 0 native plugins for Editor in 0.00 ms.
Mono: successfully reloaded assembly
- Completed reload, in  0.789 seconds
Platform modules already initialized, skipping
Refreshing native plugins compatible for Editor in 0.51 ms, found 3 plugins.
Preloading 0 native plugins for Editor in 0.00 ms.
Unloading 2294 Unused Serialized files (Serialized files now loaded: 0)
System memory in use before: 102.9 MB.
System memory in use after: 103.1 MB.

Unloading 15 unused Assets to reduce memory usage. Loaded Objects now: 2824.
Total: 2.078600 ms (FindLiveObjects: 0.182500 ms CreateObjectMapping: 0.051100 ms MarkObjects: 1.832000 ms  DeleteObjects: 0.012100 ms)

========================================================================
Received Prepare
Registering precompiled user dll's ...
Registered in 0.002398 seconds.
Begin MonoManager ReloadAssembly
Native extension for WindowsStandalone target not found
Refreshing native plugins compatible for Editor in 0.47 ms, found 3 plugins.
Preloading 0 native plugins for Editor in 0.00 ms.
Mono: successfully reloaded assembly
- Completed reload, in  0.796 seconds
Platform modules already initialized, skipping
Refreshing native plugins compatible for Editor in 0.46 ms, found 3 plugins.
Preloading 0 native plugins for Editor in 0.00 ms.
Unloading 2294 Unused Serialized files (Serialized files now loaded: 0)
System memory in use before: 102.9 MB.
System memory in use after: 103.1 MB.

Unloading 15 unused Assets to reduce memory usage. Loaded Objects now: 2827.
Total: 2.074000 ms (FindLiveObjects: 0.172300 ms CreateObjectMapping: 0.056600 ms MarkObjects: 1.832600 ms  DeleteObjects: 0.011900 ms)

========================================================================
Received Import Request.
  Time since last request: 342.193101 seconds.
  path: Assets/Scripts/ScriptableObject/GameData.asset
  artifactKey: Guid(332dd945013920c4ca01959eaf36be4c) Importer(815301076,1909f56bfc062723c751e8b465ee728b)
Start importing Assets/Scripts/ScriptableObject/GameData.asset using Guid(332dd945013920c4ca01959eaf36be4c) Importer(815301076,1909f56bfc062723c751e8b465ee728b)  -> (artifact id: 'efa0d81661394be6308e043740fddfd2') in 0.013502 seconds 
========================================================================
Received Import Request.
  Time since last request: 33.308232 seconds.
  path: Assets/Scenes/Scene 1.unity
  artifactKey: Guid(c7bca9c28c5820341906ccbc647ef0fd) Importer(815301076,1909f56bfc062723c751e8b465ee728b)
Start importing Assets/Scenes/Scene 1.unity using Guid(c7bca9c28c5820341906ccbc647ef0fd) Importer(815301076,1909f56bfc062723c751e8b465ee728b)  -> (artifact id: '2ed285ab62ee27cbc0092e79e1796c68') in 0.008731 seconds 
========================================================================
Received Prepare
Registering precompiled user dll's ...
Registered in 0.002435 seconds.
Begin MonoManager ReloadAssembly
Native extension for WindowsStandalone target not found
Refreshing native plugins compatible for Editor in 0.48 ms, found 3 plugins.
Preloading 0 native plugins for Editor in 0.00 ms.
Mono: successfully reloaded assembly
- Completed reload, in  0.796 seconds
Platform modules already initialized, skipping
Refreshing native plugins compatible for Editor in 0.52 ms, found 3 plugins.
Preloading 0 native plugins for Editor in 0.00 ms.
Unloading 2294 Unused Serialized files (Serialized files now loaded: 0)
System memory in use before: 102.9 MB.
System memory in use after: 103.1 MB.

Unloading 15 unused Assets to reduce memory usage. Loaded Objects now: 2830.
Total: 2.263400 ms (FindLiveObjects: 0.182200 ms CreateObjectMapping: 0.055900 ms MarkObjects: 2.011900 ms  DeleteObjects: 0.012600 ms)

========================================================================
Received Prepare
Registering precompiled user dll's ...
Registered in 0.002403 seconds.
Begin MonoManager ReloadAssembly
Native extension for WindowsStandalone target not found
Refreshing native plugins compatible for Editor in 0.48 ms, found 3 plugins.
Preloading 0 native plugins for Editor in 0.00 ms.
Mono: successfully reloaded assembly
- Completed reload, in  0.791 seconds
Platform modules already initialized, skipping
Refreshing native plugins compatible for Editor in 0.50 ms, found 3 plugins.
Preloading 0 native plugins for Editor in 0.00 ms.
Unloading 2294 Unused Serialized files (Serialized files now loaded: 0)
System memory in use before: 102.9 MB.
System memory in use after: 103.1 MB.

Unloading 15 unused Assets to reduce memory usage. Loaded Objects now: 2833.
Total: 2.120800 ms (FindLiveObjects: 0.174500 ms CreateObjectMapping: 0.050600 ms MarkObjects: 1.883500 ms  DeleteObjects: 0.011300 ms)

========================================================================
Received Prepare
Registering precompiled user dll's ...
Registered in 0.002563 seconds.
Begin MonoManager ReloadAssembly
Native extension for WindowsStandalone target not found
Refreshing native plugins compatible for Editor in 0.48 ms, found 3 plugins.
Preloading 0 native plugins for Editor in 0.00 ms.
Mono: successfully reloaded assembly
- Completed reload, in  0.794 seconds
Platform modules already initialized, skipping
Refreshing native plugins compatible for Editor in 0.48 ms, found 3 plugins.
Preloading 0 native plugins for Editor in 0.00 ms.
Unloading 2294 Unused Serialized files (Serialized files now loaded: 0)
System memory in use before: 102.8 MB.
System memory in use after: 103.1 MB.

Unloading 15 unused Assets to reduce memory usage. Loaded Objects now: 2836.
Total: 2.124600 ms (FindLiveObjects: 0.178300 ms CreateObjectMapping: 0.055000 ms MarkObjects: 1.879400 ms  DeleteObjects: 0.011200 ms)

========================================================================
Received Prepare
Registering precompiled user dll's ...
Registered in 0.002430 seconds.
Begin MonoManager ReloadAssembly
Native extension for WindowsStandalone target not found
Refreshing native plugins compatible for Editor in 0.47 ms, found 3 plugins.
Preloading 0 native plugins for Editor in 0.00 ms.
Mono: successfully reloaded assembly
- Completed reload, in  0.794 seconds
Platform modules already initialized, skipping
Refreshing native plugins compatible for Editor in 0.48 ms, found 3 plugins.
Preloading 0 native plugins for Editor in 0.00 ms.
Unloading 2294 Unused Serialized files (Serialized files now loaded: 0)
System memory in use before: 103.0 MB.
System memory in use after: 103.2 MB.

Unloading 15 unused Assets to reduce memory usage. Loaded Objects now: 2839.
Total: 2.481800 ms (FindLiveObjects: 0.192500 ms CreateObjectMapping: 0.056300 ms MarkObjects: 2.218200 ms  DeleteObjects: 0.013800 ms)

========================================================================
Received Import Request.
  Time since last request: 2008.225415 seconds.
  path: Assets/Scripts/ScriptableObject/GameData.asset
  artifactKey: Guid(332dd945013920c4ca01959eaf36be4c) Importer(815301076,1909f56bfc062723c751e8b465ee728b)
Start importing Assets/Scripts/ScriptableObject/GameData.asset using Guid(332dd945013920c4ca01959eaf36be4c) Importer(815301076,1909f56bfc062723c751e8b465ee728b)  -> (artifact id: '215f0021e07c7c13d15e88390216542f') in 0.015933 seconds 
AssetImportWorkerClient::OnTransportError - code=2 error=End of file
